1, 0.000147939
1, 0.001424644
1, 0.000129518
1, 0.002701089
2, 0.035074536
3, 0.002673961
4, 0.004609744
5, 0.002646579
6, 8.633362395, 11.760081194
7, 0.523773446, 8.760061934
8, 0.552589758, 8.813503391
9, 0.496401976, 8.818576162
10, 0.001267636
11, 0.003104908
12, 0.002129962
13, 0.002691631
14, 0.033733208
15, 0.050853056
16, 0.036632009
17, 0.060748411
18, 0.042915783
19, 0.020358801
20, 0.022111175
1, 0.001314609
2, 0.005854846
3, 0.005136362
4, 0.005116999
5, 0.002658183
6, 1.150785284, 8.180434524
7, 0.518292248, 7.836302261
8, 0.49312715, 8.758442375
9, 0.533322752, 9.044859296
10, 0.002537212
11, 0.00076927
12, 0.000763381
13, 0.001290815
14, 0.013680451
15, 0.023503779
16, 0.020393172
17, 0.158766257
18, 0.009650507
19, 0.010459233
20, 0.010180958
21, 0.011202476
22, 0.010335767
23, 0.00980746
24, 0.009575787
25, 0.010583635
26, 0.049466308
27, 0.095838875
28, 0.080336673
29, 0.073326784
31, 13.177368865, 28.256805929
32, 0.688876938, 29.899468821
31, 1.411638225, 30.072519201
32, 0.919352922, 28.277947808
35, 0.072412973
36, 0.099492235
37, 0.06079116
38, 0.081606085
39, 0.096704408
40, 0.095838029
41, 0.029430502
43, 0.051585869
51, 0.133468651
52, 0.318835285
53, 0.077389328
54, 0.277976568
55, 0.087999105
30, 1.517682123, 29.405129012
31, 1.378886546, 24.463232967
32, 0.956225105, 24.539069816
33, 22.173504019, 30.05209783
34, 1.557012709, 28.657755373
35, 0.654564865
36, 0.016110135
37, 0.015884079
38, 0.015981751
39, 0.016192968
40, 0.017104502
41, 0.008227405
43, 0.008213465
45, 1.574603343, 11.799855791
51, 0.080487867
52, 0.072618886
53, 0.077004012
54, 0.369257107
55, 0.075155185
56, 0.869288871, 77.761726105
57, 1.932271606, 94.937182023
