center_1_1_0_1_1_1_1: 3.64e-7, 11.05886048, 8.663086763, 0.795974559
center_2_1_0_1_2_1_1: 2.47e-7, 3.952313109, 2.776947827, 0.663358162
center_2_1_0_2_1_2_1: 2.09e-7, 4.15478278, 5.402662195, 0.732363482
center_3_1_0_1_1_2_1: 2.03e-7, 0.798515746, 4.418192897, 0.647950915
center_3_1_0_1_1_4_2: 1.76e-7, 0.362852313, 4.216943536, 0.65817734
center_3_1_0_1_2_3_1: 2.04e-7, 0.377292651, 4.189664287, 0.655791281
center_3_1_0_2_1_2_1: 2.61e-7, 6.998687309, 6.800786605, 0.586303289
center_3_1_0_3_1_2_1: 1.95e-7, 0.657536882, 23.579758785, 0.689567242
center_3_1_2_1_1_1_1: 1.46e-7, 0.15812132, 2.968631842, 0.651205916
center_2_1_0_1_1_1_2: 1.84e-7, 13.530727395, 9.03436838, 1.055639766
center_2_1_0_1_2_2_1: 1.77e-7, 6.200344461, 3.698130867, 0.661661618
center_2_1_0_2_2_2_1: 1.77e-7, 0.301316003, 3.332080275, 0.523446251
ccenter_2_1_0_1_1_2_1: 4.39e-7, 13.407486399, 9.296677512, 0.89152931
center_2_1_0_1_2_2_2: 2.29e-7, 6.591411886, 3.559218929, 0.645037429
center_3_1_0_1_1_1_1: 9.7e-8, 1.325788996, 5.175928399, 0.621047195
center_2_1_0_1_1_2_2: 7.63e-7, 12.926099541, 9.146049796, 0.91037966
center_2_1_0_2_1_1_1: 1.48e-7, 0.637464361, 3.321866155, 0.521503882
center_3_1_0_1_1_1_2: 1.47e-7, 1.21043951, 4.194704149, 0.616270752
center_3_1_0_1_1_4_1: 1.72e-7, 0.242066312, 4.191601289, 0.602411923
center_3_1_0_1_2_2_2: 1.87e-7, 0.224562332, 4.234712353, 0.604248474
center_3_1_0_2_1_1_1: 1.98e-7, 0.836323569, 6.735626514, 0.627114039
center_3_1_0_3_1_1_1: 2.4e-7, 0.515408177, 21.830901392, 0.715026493
center_3_1_0_3_3_2_1: 2.58e-7, 0.702550327, 21.600386374, 0.691347265
center_4_1_0_1_1_1_1: 1.47e-7, 3.441826746, 12.301865545, 2.856229885
center_4_1_0_1_1_3_1: 1.41e-7, 2.126164457, 9.973286851, 2.718474752
center_4_1_0_1_2_1_1: 1.82e-7, 4.621720058, 12.222880249, 2.852876506
center_4_1_0_1_2_2_3: 3.51e-7, 3.686044608, 10.679895334, 2.886826372
center_4_1_0_1_2_4_1: 1.95e-7, 0.519953647, 9.758818349, 2.811570348
center_4_1_0_1_2_5_3: 2.06e-7, 0.508561508, 10.054166332, 3.85155435
center_3_1_2_1_1_2_1: 1.1e-7, 0.190147779, 2.890029596, 0.919841237
center_3_1_2_1_1_2_2: 1.13e-7, 0.53511881, 19.620997938, 0.655076938
center_4_1_0_1_1_2_1: 2.14e-7, 2.982924745, 12.09559473, 2.826938187
center_4_1_0_1_1_4_2: 1.34e-7, 2.461368388, 10.320904921, 2.798225842
center_4_1_0_1_2_2_1: 1.85e-7, 2.999664054, 11.25427015, 2.710668462
center_4_1_0_1_2_3_2: 1.39e-7, 0.651335819, 10.95372955, 2.720116907
center_4_1_0_1_2_5_1: 2.31e-7, 0.882168673, 10.085384109, 2.64800031
center_4_1_0_1_2_6_2: 1.38e-7, 0.744619758, 10.028777784, 2.65599363
center_3_1_2_1_2_0_2: 2.65e-7, 0.746588347, 21.789777708, 0.612573006
center_4_1_0_1_3_0_1: 3.03e-7, 5.42423331, 11.792413409, 2.84590043
center_4_1_2_1_1_1_1: 2.35e-7, 0.762930772, 11.891042454, 2.904075134center_4_1_2_1_1_1_3: 2.03e-7, 0.768255357, 201.428817647, 2.802414259
center_4_1_2_1_1_3_3: 1.13e-7, 0.969339526, 201.691828768, 2.980916593ccenter_4_1_2_1_2_1_2: 1.36e-7, 3.021432438, 10.538729036, 2.743884016
center_4_1_2_1_2_3_1: 1.68e-7, 2.369334299, 10.260432082, 2.763132644
ter_4_1_0_1_2_2_4: 2.12e-7, 2.637466693, 11.490704389, 2.835380553center_4_1_0_1_2_3_3: 1.24e-7, 0.715482165, 11.369955904, 2.918068462
center_4_1_0_1_2_5_2: 2.15e-7, 0.696618121, 13.345461726, 2.930205566
center_4_1_0_1_2_6_3: 1.65e-7, 0.66497051, 10.808006167, 2.95176678
center_4_1_0_1_4_0_2: 1.6e-7, 3.49483827, 10.444612115, 2.909571224
center_4_1_2_1_1_2_2: 1.14e-7, 0.634984466, 10.252344161, 3.076180253
center_4_1_2_1_1_4_1: 1.94e-7, 0.621344958, 10.297661513, 2.829815061
center_4_1_0_2_1_1_1: 3.06e-7, 2.440713946, 50.630990874, 2.97387853cecenter_4_1_0_2_1_3_2: 2.03e-7, 1.405775573, 47.93013019, 2.942209123ccenter_4_1_0_2_2_2_1: 2.2e-7, 4.735610171, 49.950895249, 2.897097285
center_4_1_0_2_2_4_2: 2.33e-7, 4.685860337, 51.573796134, 3.021198783ccenter_4_1_0_2_3_3_1: 1.64e-7, 1.490828433, 50.356271332, 2.990024724ccenter_4_1_0_2_4_1_2: 2.31e-7, 4.949741559, 47.920037789, 2.938372326ccenter_4_1_0_2_4_4_1: 2.23e-7, 4.595370861, 47.932323626, 2.911431229ccenter_4_1_0_3_2_0_1: 2.5e-7, 61.624723449, 86.304975454, 3.150497311
center_4_1_0_5_1_2_1: 2.54e-7, 2.527058993, 186.964429383, 3.785668577center_4_1_0_6_1_1_1: 2.3e-7, 3.771785301, 576.512085478, 4.159896389
center_4_1_0_6_3_2_1: 2.3e-7, 4.096405434, 588.209772199, 4.670119012
center_4_1_2_1_2_1_3: 2.09e-7, 3.284036851, 169.541474447, 2.826871786
center_4_1_2_1_2_3_2: 1.08e-7, 2.292595691, 9.786559465, 2.840182796
center_4_1_2_1_3_0_1: 1.69e-7, 5.372368889, 10.179220767, 2.815121188
center_4_1_2_1_4_0_3: 1.04e-7, 4.369260669, 209.302882622, 2.936837429
center_4_1_2_2_3_0_1: 1.14e-7, 45.467177265, 28.849860194, 2.203034554
enter_4_1_2_2_1_0_1: 1.22e-7, 49.181376973, 34.03209037, 2.194978735
center_4_1_2_2_3_0_2: 1.15e-7, 6.150693238, 29.194263652, 2.17517985center_4_1_2_1_3_0_3: 9.6e-8, 7.200742511, 246.909282491, 2.847088326
center_4_1_2_2_1_0_2: 1.73e-7, 49.821708438, 34.427414762, 2.617114105
center_4_1_2_2_4_0_1: 2.28e-7, 5.416669223, 29.507311175, 2.146183271
center_5_1_0_1_1_2_1: 1.14e-7, 11.596963454, 136.80050608, 15.9549582cecccenter_5_1_0_1_2_1_1: 1.96e-7, 16.289750041, 199.006731679, 15.centecenter_4_1_0_6_3_1_1: 1.39e-7, 4.22733618, 598.726256671, 4.567127centcenter_4_1_2_1_2_4_3: 1.05e-7, 2.931803733, 179.297592275, 2.740686511
center_4center_5_1_0_1_3_4_2: 2.02e-7, 20.133860436, 237.331966418, 15.820062676ccenter_5_1_0_1_4_1_1: 2.13e-7, 14.527738186, 234.00269073, 15.8351554
center_5_1_0_1_4_3_2: 2.2e-7, 15.307812265, 197.213564565, 16.039624787
center_5_1_0_1_4_6_1: 1.53e-7, 21.999990187, 204.488598255, 15.793613961
center_5_1_0_3_1_2_2: 2.88e-7, 6.78010733, 935.380717025, 36.294832818
center_5_1_0_4_1_1_1: 1.97e-7, 37.933294792, 1864.12032331, 65.915961565
245
1_3_1_1: 9.3e-8, 13.076760885, 156.79571239, 15.352567046
center_5_1_0_1_3_3_2: 9.5e-8, 12.845757951, 154.708907308, 15.333442036
center_5_1_0_1_3_6_1: 1.67e-7, 13.167998474, 157.710829673, 15.620922537
center_5_1_0_1_4_2_2: 1.02e-7, 13.133746401, 161.498630348, 15.41010555
center_5_1_0_1_4_5_1: 1.32e-7, 15.030780673, 142.514959408, 15.29608886
center_5_1_0_3_1_1_2: 1.63e-7, 5.54269393, 485.531401992, 32.685883906
center_5_1_0_3_2_2_1: 1.56e-7, 5.964301795, 476.904256074, 33.207111216
_1_0_3_2_1_2: 2.18e-7, 5.977893386, 463.269581374, 32.892408507
center_5_1_0_4_1_3_1: 1.11e-7, 23.814659151, 687.549896925, 63.133809677
