center_6_1_0_1_1_1_4:
StackOverflowError:

center_6_1_0_1_1_3_1:
StackOverflowError:


    Stacktrace:
      [1] Array
        @ ./boot.jl:477 [inlined]
      [2] Array
        @ ./boot.jl:486 [inlined]
      [3] similar
        @ ./abstractarray.jl:877 [inlined]
      [4] similar
        @ ./abstractarray.jl:876 [inlined]
      [5] _array_for
        @ ./array.jl:723 [inlined]
      [6] collect(itr::Base.Generator{StepRange{Int64, Int64}, AbstractAlgebra.Generic.var"#103#106"{Int64, Matrix{UInt64}}})
        @ Base ./array.jl:839
      [7] exponent_vector(a::AbstractAlgebra.Generic.MPoly{AbsSimpleNumFieldElem}, i::Int64)
        @ AbstractAlgebra.Generic /tmpbig/maeurer/packages/AbstractAlgebra/TVkLv/src/generic/MPoly.jl:133
      [8] iterate
        @ /tmpbig/maeurer/packages/AbstractAlgebra/TVkLv/src/generic/MPoly.jl:840 [inlined]
      [9] _zip_iterate_some
        @ ./iterators.jl:428 [inlined]
     [10] _zip_iterate_some
        @ ./iterators.jl:430 [inlined]
     [11] _zip_iterate_all
        @ ./iterators.jl:420 [inlined]
     [12] iterate
        @ ./iterators.jl:411 [inlined]
     [13] coeff(f::AbstractAlgebra.Generic.MPoly{AbsSimpleNumFieldElem}, m::AbstractAlgebra.Generic.MPoly{AbsSimpleNumFieldElem})
        @ AbstractAlgebra /tmpbig/maeurer/packages/AbstractAlgebra/TVkLv/src/MPoly.jl:246
     [14] #1606
        @ ./essentials.jl:0 [inlined]
     [15] iterate
        @ ./generator.jl:47 [inlined]
     [16] collect_to!
        @ ./array.jl:892 [inlined]
     [17] collect_to_with_first!
        @ ./array.jl:870 [inlined]
     [18] collect(itr::Base.Generator{Vector{AbstractAlgebra.Generic.MPoly{AbsSimpleNumFieldElem}}, TensorCategories.var"#1606#1610"{AbstractAlgebra.Generic.MPoly{AbsSimpleNumFieldElem}}})
        @ Base ./array.jl:844
     [19] hom_by_linear_equations(X::CenterObject, Y::CenterObject, ind::UnitRange{Int64})
        @ TensorCategories /tmpbig/maeurer/dev/TensorCategories.jl/src/TensorCategoryFramework/Center/Center.jl:1433
     [20] hom_by_linear_equations(X::CenterObject, Y::CenterObject)
        @ TensorCategories /tmpbig/maeurer/dev/TensorCategories.jl/src/TensorCategoryFramework/Center/Center.jl:1399
     [21] macro expansion
        @ /tmpbig/maeurer/dev/TensorCategories.jl/src/TensorCategoryFramework/Center/Center.jl:1036 [inlined]
     [22] (::TensorCategories.var"#548#threadsfor_fun#1547"{TensorCategories.var"#548#threadsfor_fun#1544#1548"{Vector{Vector{Any}}, Base.Pairs{Int64, CenterObject, LinearIndices{1, Tuple{Base.OneTo{Int64}}}, Vector{CenterObject}}, Array{Int64, 3}, Vector{Pair{Int64, CenterObject}}}})(tid::Int64; onethread::Bool)
        @ TensorCategories ./threadingconstructs.jl:215
     [23] #548#threadsfor_fun
        @ ./threadingconstructs.jl:182 [inlined]
     [24] (::Base.Threads.var"#1#2"{TensorCategories.var"#548#threadsfor_fun#1547"{TensorCategories.var"#548#threadsfor_fun#1544#1548"{Vector{Vector{Any}}, Base.Pairs{Int64, CenterObject, LinearIndices{1, Tuple{Base.OneTo{Int64}}}, Vector{CenterObject}}, Array{Int64, 3}, Vector{Pair{Int64, CenterObject}}}}, Int64})()
        @ Base.Threads ./threadingconstructs.jl:154

center_5_1_0_10_5_2_1:
TaskFailedException

    nested task error: InterruptException:
    Stacktrace:
      [1] (::TensorCategories.var"#1086#1088"{Int64})(g::TensorCategories.SixJMorphism)
        @ TensorCategories ./none:0
      [2] iterate
        @ ./generator.jl:47 [inlined]
      [3] collect_to!(dest::Vector{AbstractAlgebra.Generic.MatSpaceElem{AbsSimpleNumFieldElem}}, itr::Base.Generator{Tuple{TensorCategories.SixJMorphism, TensorCategories.SixJMorphism}, TensorCategories.var"#1086#1088"{Int64}}, offs::Int64, st::Int64)
        @ Base ./array.jl:892
      [4] collect_to_with_first!(dest::Vector{AbstractAlgebra.Generic.MatSpaceElem{AbsSimpleNumFieldElem}}, v1::AbstractAlgebra.Generic.MatSpaceElem{AbsSimpleNumFieldElem}, itr::Base.Generator{Tuple{TensorCategories.SixJMorphism, TensorCategories.SixJMorphism}, TensorCategories.var"#1086#1088"{Int64}}, st::Int64)
        @ Base ./array.jl:870
      [5] collect(itr::Base.Generator{Tuple{TensorCategories.SixJMorphism, TensorCategories.SixJMorphism}, TensorCategories.var"#1086#1088"{Int64}})
        @ Base ./array.jl:844
      [6] (::TensorCategories.var"#1085#1087"{Tuple{TensorCategories.SixJMorphism, TensorCategories.SixJMorphism}})(i::Int64)
        @ TensorCategories ./none:0
      [7] iterate
        @ ./generator.jl:47 [inlined]
      [8] collect_to!(dest::Vector{AbstractAlgebra.Generic.MatSpaceElem{AbsSimpleNumFieldElem}}, itr::Base.Generator{UnitRange{Int64}, TensorCategories.var"#1085#1087"{Tuple{TensorCategories.SixJMorphism, TensorCategories.SixJMorphism}}}, offs::Int64, st::Int64)
        @ Base ./array.jl:892
      [9] collect_to_with_first!(dest::Vector{AbstractAlgebra.Generic.MatSpaceElem{AbsSimpleNumFieldElem}}, v1::AbstractAlgebra.Generic.MatSpaceElem{AbsSimpleNumFieldElem}, itr::Base.Generator{UnitRange{Int64}, TensorCategories.var"#1085#1087"{Tuple{TensorCategories.SixJMorphism, TensorCategories.SixJMorphism}}}, st::Int64)
        @ Base ./array.jl:870
     [10] collect(itr::Base.Generator{UnitRange{Int64}, TensorCategories.var"#1085#1087"{Tuple{TensorCategories.SixJMorphism, TensorCategories.SixJMorphism}}})
        @ Base ./array.jl:844
     [11] direct_sum
        @ /tmpbig/maeurer/dev/TensorCategories.jl/src/TensorCategoryFramework/SixJCategory/FusionCategory.jl:812 [inlined]
     [12] ⊕
        @ /tmpbig/maeurer/dev/TensorCategories.jl/src/CategoryFramework/Fallbacks.jl:115 [inlined]
     [13] tensor_product(f::TensorCategories.SixJMorphism, g::TensorCategories.SixJMorphism)
        @ TensorCategories /tmpbig/maeurer/dev/TensorCategories.jl/src/TensorCategoryFramework/SixJCategory/FusionCategory.jl:721
     [14] ⊗(f::TensorCategories.SixJMorphism, g::TensorCategories.SixJMorphism)
        @ TensorCategories /tmpbig/maeurer/dev/TensorCategories.jl/src/CategoryFramework/Fallbacks.jl:142
     [15] simple_objects_ev(X::SixJObject)
        @ TensorCategories /tmpbig/maeurer/dev/TensorCategories.jl/src/TensorCategoryFramework/SixJCategory/FusionCategory.jl:602
     [16] ev(X::SixJObject)
        @ TensorCategories /tmpbig/maeurer/dev/TensorCategories.jl/src/TensorCategoryFramework/SixJCategory/FusionCategory.jl:552
     [17] (::TensorCategories.var"#1725#1726"{SixJObject, SixJObject, SixJObject, SixJObject, SixJObject})(g::TensorCategories.SixJMorphism)
        @ TensorCategories ./none:0
     [18] iterate
        @ ./generator.jl:47 [inlined]
     [19] collect(itr::Base.Generator{Vector{TensorCategories.SixJMorphism}, TensorCategories.var"#1725#1726"{SixJObject, SixJObject, SixJObject, SixJObject, SixJObject}})
        @ Base ./array.jl:834
     [20] transform_dual_basis(U::Vector{TensorCategories.SixJMorphism}, S::SixJObject, W::SixJObject, T::SixJObject)
        @ TensorCategories /tmpbig/maeurer/dev/TensorCategories.jl/src/TensorCategoryFramework/Center/Induction.jl:409
     [21] macro expansion
        @ /tmpbig/maeurer/dev/TensorCategories.jl/src/TensorCategoryFramework/Center/Induction.jl:45 [inlined]
     [22] (::TensorCategories.var"#610#threadsfor_fun#1668"{TensorCategories.var"#610#threadsfor_fun#1660#1669"{SixJObject, Vector{SixJObject}, Vector{Morphism}, typeof(associator), UnitRange{Int64}}})(tid::Int64; onethread::Bool)
        @ TensorCategories ./threadingconstructs.jl:215
     [23] #610#threadsfor_fun
        @ ./threadingconstructs.jl:182 [inlined]
     [24] (::Base.Threads.var"#1#2"{TensorCategories.var"#610#threadsfor_fun#1668"{TensorCategories.var"#610#threadsfor_fun#1660#1669"{SixJObject, Vector{SixJObject}, Vector{Morphism}, typeof(associator), UnitRange{Int64}}}, Int64})()
        @ Base.Threads ./threadingconstructs.jl:154

center_5_1_2_1_3_0_1:
InterruptException:

