n = 47: 
TaskFailedException

    nested task error: ArgumentError: Not spherical
    Stacktrace:
     [1] macro expansion
       @ ~/.julia/packages/AbstractAlgebra/DNYYA/src/Assertions.jl:602 [inlined]
     [2] spherical(X::SixJObject)
       @ TensorCategories ~/.julia/dev/TensorCategories.jl/src/TensorCategoryFramework/SixJCategory/FusionCategory.jl:605
     [3] macro expansion
       @ ~/.julia/dev/TensorCategories.jl/src/TensorCategoryFramework/Center/Induction.jl:144 [inlined]
     [4] (::TensorCategories.var"#593#threadsfor_fun#1623"{TensorCategories.var"#593#threadsfor_fun#1619#1624"{SixJObject, CenterObject, Vector{SixJObject}, UnitRange{Int64}}})(tid::Int64; onethread::Bool)
       @ TensorCategories ./threadingconstructs.jl:253
     [5] #593#threadsfor_fun
       @ ./threadingconstructs.jl:220 [inlined]
     [6] (::Base.Threads.var"#1#2"{TensorCategories.var"#593#threadsfor_fun#1623"{TensorCategories.var"#593#threadsfor_fun#1619#1624"{SixJObject, CenterObject, Vector{SixJObject}, UnitRange{Int64}}}, Int64})()
       @ Base.Threads ./threadingconstructs.jl:154

n = 49: 
TaskFailedException

    nested task error: ArgumentError: Not spherical
    Stacktrace:
     [1] macro expansion
       @ ~/.julia/packages/AbstractAlgebra/DNYYA/src/Assertions.jl:602 [inlined]
     [2] spherical(X::SixJObject)
       @ TensorCategories ~/.julia/dev/TensorCategories.jl/src/TensorCategoryFramework/SixJCategory/FusionCategory.jl:605
     [3] macro expansion
       @ ~/.julia/dev/TensorCategories.jl/src/TensorCategoryFramework/Center/Induction.jl:144 [inlined]
     [4] (::TensorCategories.var"#593#threadsfor_fun#1623"{TensorCategories.var"#593#threadsfor_fun#1619#1624"{SixJObject, CenterObject, Vector{SixJObject}, UnitRange{Int64}}})(tid::Int64; onethread::Bool)
       @ TensorCategories ./threadingconstructs.jl:253
     [5] #593#threadsfor_fun
       @ ./threadingconstructs.jl:220 [inlined]
     [6] (::Base.Threads.var"#1#2"{TensorCategories.var"#593#threadsfor_fun#1623"{TensorCategories.var"#593#threadsfor_fun#1619#1624"{SixJObject, CenterObject, Vector{SixJObject}, UnitRange{Int64}}}, Int64})()
       @ Base.Threads ./threadingconstructs.jl:154

n = 179: 
not a rational

n = 180: 
not a rational

n = 181: 
not a rational

n = 182: 
not a rational

